Arguments: 
  C:\Program Files\nodejs\node.exe C:\Program Files (x86)\Yarn\bin\yarn.js add jsonwebtoken moment modment-timezone node-uuid swagger-ui-express sync-request

PATH: 
  C:\Program Files\Git\mingw64\bin;C:\Program Files\Git\usr\bin;C:\Users\lmaduranga\bin;C:\Program Files\NVIDIA GPU Computing Toolkit\CUDA\v10.1\bin;C:\Program Files\NVIDIA GPU Computing Toolkit\CUDA\v10.1\libnvvp;C:\ProgramData\Anaconda3;C:\ProgramData\Anaconda3\Library\mingw-w64\bin;C:\ProgramData\Anaconda3\Library\usr\bin;C:\ProgramData\Anaconda3\Library\bin;C:\ProgramData\Anaconda3\Scripts;C:\WINDOWS\system32;C:\WINDOWS;C:\WINDOWS\System32\Wbem;C:\WINDOWS\System32\WindowsPowerShell\v1.0;C:\WINDOWS\System32\OpenSSH;C:\Program Files\nodejs;C:\Program Files (x86)\Microsoft SQL Server\150\DTS\Binn;C:\Program Files\NVIDIA Corporation\Nsight Compute 2019.4.0;C:\Program Files (x86)\NVIDIA Corporation\PhysX\Common;C:\Program Files\NVIDIA Corporation\NVIDIA NvDLISR;C:\Program Files\dotnet;C:\Program Files\Microsoft SQL Server\130\Tools\Binn;C:\Program Files\Microsoft SQL Server\Client SDK\ODBC\170\Tools\Binn;C:\Program Files (x86)\Yarn\bin;C:\Program Files\Microsoft SQL Server\Client SDK\ODBC\130\Tools\Binn;C:\Program Files (x86)\Microsoft SQL Server\140\Tools\Binn;C:\Program Files\Microsoft SQL Server\140\Tools\Binn;C:\Program Files\Microsoft SQL Server\140\DTS\Binn;C:\Program Files\Git\cmd;C:\src\flutter\bin;C:\Users\lmaduranga\AppData\Roaming\npm;C:\Program Files\PuTTY;C:\Users\lmaduranga\AppData\Local\Microsoft\WindowsApps;C:\Users\lmaduranga\AppData\Local\Programs\Microsoft VS Code\bin;C:\Users\lmaduranga\.dotnet\tools;C:\Program Files\JetBrains\JetBrains Rider 2019.3.1\bin

Yarn version: 
  1.19.1

Node version: 
  12.13.0

Platform: 
  win32 x64

Trace: 
  Error: https://registry.yarnpkg.com/modment-timezone: Not found
      at Request.params.callback [as _callback] (C:\Program Files (x86)\Yarn\lib\cli.js:66035:18)
      at Request.self.callback (C:\Program Files (x86)\Yarn\lib\cli.js:140564:22)
      at Request.emit (events.js:210:5)
      at Request.<anonymous> (C:\Program Files (x86)\Yarn\lib\cli.js:141536:10)
      at Request.emit (events.js:210:5)
      at IncomingMessage.<anonymous> (C:\Program Files (x86)\Yarn\lib\cli.js:141458:12)
      at Object.onceWrapper (events.js:299:28)
      at IncomingMessage.emit (events.js:215:7)
      at endReadableNT (_stream_readable.js:1183:12)
      at processTicksAndRejections (internal/process/task_queues.js:80:21)

npm manifest: 
  {
    "name": "nodejs_mysql",
    "version": "1.0.0",
    "description": "",
    "main": "index.js",
    "scripts": {
      "test": "echo \"Error: no test specified\" && exit 1"
    },
    "author": "",
    "license": "ISC",
    "dependencies": {
      "body-parser": "^1.19.0",
      "express": "^4.17.1"
    }
  }

yarn manifest: 
  No manifest

Lockfile: 
  No lockfile
